This file contains any messages produced by compilers while
running configure, to aid debugging if configure makes a mistake.

It was created by VM configure 8.2.0b, which was
generated by GNU Autoconf 2.68.  Invocation command line was

  $ ./configure --with-other-dirs=/Users/hartzell/.emacs.d/personal/bbdb

## --------- ##
## Platform. ##
## --------- ##

hostname = alacrity.local
uname -m = x86_64
uname -r = 14.3.0
uname -s = Darwin
uname -v = Darwin Kernel Version 14.3.0: Mon Mar 23 11:59:05 PDT 2015; root:xnu-2782.20.48~5/RELEASE_X86_64

/usr/bin/uname -p = i386
/bin/uname -X     = unknown

/bin/arch              = unknown
/usr/bin/arch -k       = unknown
/usr/convex/getsysinfo = unknown
/usr/bin/hostinfo      = Mach kernel version:
	 Darwin Kernel Version 14.3.0: Mon Mar 23 11:59:05 PDT 2015; root:xnu-2782.20.48~5/RELEASE_X86_64
Kernel configured for up to 4 processors.
2 processors are physically available.
4 processors are logically available.
Processor type: i486 (Intel 80486)
Processors active: 0 1 2 3
Primary memory available: 8.00 gigabytes
Default processor set: 294 tasks, 1229 threads, 4 processors
Load average: 1.76, Mach factor: 2.22
/bin/machine           = unknown
/usr/bin/oslevel       = unknown
/bin/universe          = unknown

PATH: /Users/hartzell/.rbenv/shims
PATH: /Users/hartzell/.rbenv/bin
PATH: /Users/hartzell/perl5/perlbrew/bin
PATH: /Users/hartzell/perl5/perlbrew/perls/perl-5.18.2/bin
PATH: /Users/hartzell/bin
PATH: /usr/local/bin
PATH: /usr/local/sbin
PATH: /usr/local/texlive/2012/bin/x86_64-darwin
PATH: /usr/local/bin
PATH: /usr/bin
PATH: /bin
PATH: /usr/sbin
PATH: /sbin
PATH: /opt/X11/bin
PATH: /usr/local/go/bin


## ----------- ##
## Core tests. ##
## ----------- ##

configure:1711: checking whether make sets $(MAKE)
configure:1733: result: yes
configure:1785: checking for a BSD-compatible install
configure:1853: result: /usr/bin/install -c
configure:1864: checking whether ln -s works
configure:1868: result: yes
configure:1877: checking for rm
configure:1895: found /bin/rm
configure:1908: result: /bin/rm
configure:1918: checking for ls
configure:1936: found /bin/ls
configure:1949: result: /bin/ls
configure:1959: checking for mkdir
configure:1977: found /bin/mkdir
configure:1990: result: /bin/mkdir
configure:2000: checking for grep
configure:2018: found /usr/bin/grep
configure:2031: result: /usr/bin/grep
configure:2043: checking for xargs
configure:2059: found /usr/bin/xargs
configure:2070: result: xargs
configure:2088: checking for gtar
configure:2118: result: no
configure:2088: checking for tar
configure:2104: found /usr/bin/tar
configure:2115: result: tar
configure:2127: checking that tar is GNU tar
configure:2134: result: yes
configure:2146: checking for makeinfo
configure:2162: found /usr/bin/makeinfo
configure:2173: result: makeinfo
configure:2189: checking for texi2dvi
configure:2205: found /usr/bin/texi2dvi
configure:2216: result: texi2dvi
configure:2240: checking for emacs
configure:2256: found /usr/local/bin/emacs
configure:2267: result: emacs
configure:2284: checking checking emacs-type of emacs
configure:2290: result: emacs
configure:2293: checking checking emacs-version of emacs
configure:2304: result: 24
configure:2314: checking where .elc files should go
configure:2342: result: $(prefix)/share/emacs/site-lisp/vm
configure:2352: checking where data files should go
configure:2358: result: $(prefix)/share/vm
configure:2369: checking where doc files should go
configure:2378: result: ${datarootdir}/doc/${PACKAGE_TARNAME}
configure:2393: checking which options to pass on to (X)Emacs
configure:2404: result: -batch -q -no-site-file -no-init-file -l $(srcdir)/vm-build.el
configure:2409: checking where the TeXinfo docs should go
configure:2420: result: ${datarootdir}/info
configure:2436: checking otherdirs
configure:2451: result: ("/Users/hartzell/.emacs.d/personal/bbdb")
configure:2648: creating ./config.status

## ---------------------- ##
## Running config.status. ##
## ---------------------- ##

This file was extended by VM config.status 8.2.0b, which was
generated by GNU Autoconf 2.68.  Invocation command line was

  CONFIG_FILES    = 
  CONFIG_HEADERS  = 
  CONFIG_LINKS    = 
  CONFIG_COMMANDS = 
  $ ./config.status 

on alacrity.local

config.status:755: creating Makefile
config.status:755: creating lisp/Makefile
config.status:755: creating info/Makefile
config.status:755: creating src/Makefile
config.status:755: creating pixmaps/Makefile
config.status:755: creating vm-load.el

## ---------------- ##
## Cache variables. ##
## ---------------- ##

ac_cv_env_build_alias_set=
ac_cv_env_build_alias_value=
ac_cv_env_host_alias_set=
ac_cv_env_host_alias_value=
ac_cv_env_target_alias_set=
ac_cv_env_target_alias_value=
ac_cv_path_GREP=/usr/bin/grep
ac_cv_path_LS=/bin/ls
ac_cv_path_MKDIR=/bin/mkdir
ac_cv_path_RM=/bin/rm
ac_cv_path_install='/usr/bin/install -c'
ac_cv_prog_EMACS_PROG=emacs
ac_cv_prog_MAKEINFO=makeinfo
ac_cv_prog_TAR=tar
ac_cv_prog_TEXI2DVI=texi2dvi
ac_cv_prog_XARGS=xargs
ac_cv_prog_make_make_set=yes

## ----------------- ##
## Output variables. ##
## ----------------- ##

DEFS='-DPACKAGE_NAME=\"VM\" -DPACKAGE_TARNAME=\"vm\" -DPACKAGE_VERSION=\"8.2.0b\" -DPACKAGE_STRING=\"VM\ 8.2.0b\" -DPACKAGE_BUGREPORT=\"vm@lists.launchpad.net\" -DPACKAGE_URL=\"\"'
ECHO_C='\c'
ECHO_N=''
ECHO_T=''
EMACS_FLAVOR='emacs'
EMACS_PROG='emacs'
EMACS_VERSION='24'
FLAGS='-batch -q -no-site-file -no-init-file -l $(srcdir)/vm-build.el'
GREP='/usr/bin/grep'
INSTALL_DATA='${INSTALL} -m 644'
INSTALL_PROGRAM='${INSTALL}'
INSTALL_SCRIPT='${INSTALL}'
LIBOBJS=''
LIBS=''
LINKPATH=''
LN_S='ln -s'
LS='/bin/ls'
LTLIBOBJS=''
MAKEINFO='makeinfo'
MKDIR='/bin/mkdir'
OTHERDIRS='("/Users/hartzell/.emacs.d/personal/bbdb")'
PACKAGEDIR=''
PACKAGE_BUGREPORT='vm@lists.launchpad.net'
PACKAGE_NAME='VM'
PACKAGE_STRING='VM 8.2.0b'
PACKAGE_TARNAME='vm'
PACKAGE_URL=''
PACKAGE_VERSION='8.2.0b'
PATH_SEPARATOR=':'
RM='/bin/rm'
SET_MAKE=''
SHELL='/bin/sh'
SYMLINKS='no'
TAR='tar'
TEXI2DVI='texi2dvi'
XARGS='xargs'
bindir='${exec_prefix}/bin'
build_alias=''
datadir='$(prefix)/share'
datarootdir='$(prefix)/share'
docdir='${datarootdir}/doc/${PACKAGE_TARNAME}'
dvidir='${docdir}'
etcdir='$(prefix)/share/vm'
exec_prefix='${prefix}'
host_alias=''
htmldir='${docdir}'
includedir='${prefix}/include'
info_dir='${datarootdir}/info'
infodir='${datarootdir}/info'
libdir='${exec_prefix}/lib'
libexecdir='${exec_prefix}/libexec'
lispdir='$(prefix)/share/emacs/site-lisp/vm'
localedir='${datarootdir}/locale'
localstatedir='${prefix}/var'
mandir='${datarootdir}/man'
oldincludedir='/usr/include'
pdfdir='${docdir}'
pixmapdir='$(prefix)/share/vm/pixmaps'
prefix='/usr/local'
program_transform_name='s,x,x,'
psdir='${docdir}'
sbindir='${exec_prefix}/sbin'
sharedstatedir='${prefix}/com'
sysconfdir='${prefix}/etc'
target_alias=''

## ----------- ##
## confdefs.h. ##
## ----------- ##

/* confdefs.h */
#define PACKAGE_NAME "VM"
#define PACKAGE_TARNAME "vm"
#define PACKAGE_VERSION "8.2.0b"
#define PACKAGE_STRING "VM 8.2.0b"
#define PACKAGE_BUGREPORT "vm@lists.launchpad.net"
#define PACKAGE_URL ""

configure: exit 0
